{
  "stats": {
    "suites": 5,
    "tests": 4,
    "passes": 4,
    "pending": 0,
    "failures": 0,
    "start": "2020-05-25T20:56:27.332Z",
    "end": "2020-05-25T20:56:41.843Z",
    "duration": 14511,
    "testsRegistered": 4,
    "passPercent": 100,
    "pendingPercent": 0,
    "other": 0,
    "hasOther": false,
    "skipped": 0,
    "hasSkipped": false
  },
  "results": [
    {
      "uuid": "18951aa3-316a-464a-a03d-7a64fd37206e",
      "title": "",
      "fullFile": "",
      "file": "",
      "beforeHooks": [],
      "afterHooks": [],
      "tests": [],
      "suites": [
        {
          "uuid": "f352c613-acb0-4bca-b994-e0a5cac29747",
          "title": "#MAIN TEST",
          "fullFile": "D:\\Selenium\\WikiGoApp_Smoke_Test_Case\\TestSuite\\main.test.js",
          "file": "\\TestSuite\\main.test.js",
          "beforeHooks": [
            {
              "title": "\"before all\" hook",
              "fullTitle": "#MAIN TEST \"before all\" hook",
              "timedOut": false,
              "duration": 18,
              "state": null,
              "speed": null,
              "pass": false,
              "fail": false,
              "pending": false,
              "context": null,
              "code": "driver = new Builder().forBrowser('firefox').build();\nactions = driver.actions({async: true});\nkb = actions.keyboard();\nmouse = actions.mouse();",
              "err": {},
              "uuid": "0093340b-8636-4861-84e2-30440f6f5e81",
              "parentUUID": "f352c613-acb0-4bca-b994-e0a5cac29747",
              "isHook": true,
              "skipped": false
            }
          ],
          "afterHooks": [],
          "tests": [
            {
              "title": "run main test",
              "fullTitle": "#MAIN TEST run main test",
              "timedOut": false,
              "duration": 2,
              "state": "passed",
              "speed": "fast",
              "pass": true,
              "fail": false,
              "pending": false,
              "context": null,
              "code": "addArticleTests(driver,actions,kb,mouse)\nviewAllArticlesTests(driver,actions,kb,mouse)",
              "err": {},
              "uuid": "ec7f3ce8-8e5f-43bd-912d-f20f604a26a3",
              "parentUUID": "f352c613-acb0-4bca-b994-e0a5cac29747",
              "isHook": false,
              "skipped": false
            }
          ],
          "suites": [],
          "passes": [
            "ec7f3ce8-8e5f-43bd-912d-f20f604a26a3"
          ],
          "failures": [],
          "pending": [],
          "skipped": [],
          "duration": 2,
          "root": false,
          "rootEmpty": false,
          "_timeout": 100000
        },
        {
          "uuid": "cf03a70d-304d-44a2-a417-101b8379cb00",
          "title": "#Add functionality",
          "fullFile": "D:\\Selenium\\WikiGoApp_Smoke_Test_Case\\TestSuite\\viewAllArticlesTest.js",
          "file": "\\TestSuite\\viewAllArticlesTest.js",
          "beforeHooks": [],
          "afterHooks": [],
          "tests": [],
          "suites": [
            {
              "uuid": "db7e2683-65f1-460c-b4a2-201c80322a0a",
              "title": "Firefox",
              "fullFile": "D:\\Selenium\\WikiGoApp_Smoke_Test_Case\\TestSuite\\viewAllArticlesTest.js",
              "file": "\\TestSuite\\viewAllArticlesTest.js",
              "beforeHooks": [],
              "afterHooks": [
                {
                  "title": "\"after all\" hook",
                  "fullTitle": "#Add functionality Firefox \"after all\" hook",
                  "timedOut": false,
                  "duration": 0,
                  "state": null,
                  "speed": null,
                  "pass": false,
                  "fail": false,
                  "pending": false,
                  "context": null,
                  "code": "setTimeout(()=>{\n    driver.quit()\n},5000)",
                  "err": {},
                  "uuid": "ac3465bd-8b72-4d74-8415-51868ec66806",
                  "parentUUID": "db7e2683-65f1-460c-b4a2-201c80322a0a",
                  "isHook": true,
                  "skipped": false
                }
              ],
              "tests": [
                {
                  "title": "should open wikigoapptest.herokuapp.com and click on Add New Article",
                  "fullTitle": "#Add functionality Firefox should open wikigoapptest.herokuapp.com and click on Add New Article",
                  "timedOut": false,
                  "duration": 13937,
                  "state": "passed",
                  "speed": "slow",
                  "pass": true,
                  "fail": false,
                  "pending": false,
                  "context": null,
                  "code": "driver.then(()=>{\n  return driver.get('https://wikigoapptest.herokuapp.com/');\n})\n.then(()=>{\n  return driver.findElement(By.xpath('/html/body/div[1]/nav/div/div/a[2]/a'))\n})\n.then((element)=>{\n  actions.pause(mouse).move({origin: element}).press().release();\n  return actions.perform();\n})\n.then(()=>{\n  done()\n})\n.catch((err)=>{\n  done(err)\n})",
                  "err": {},
                  "uuid": "54446ec4-cbb0-4d50-8164-6032a05c878b",
                  "parentUUID": "db7e2683-65f1-460c-b4a2-201c80322a0a",
                  "isHook": false,
                  "skipped": false
                },
                {
                  "title": "supply data to inputs and click on add button",
                  "fullTitle": "#Add functionality Firefox supply data to inputs and click on add button",
                  "timedOut": false,
                  "duration": 469,
                  "state": "passed",
                  "speed": "slow",
                  "pass": true,
                  "fail": false,
                  "pending": false,
                  "context": null,
                  "code": "const supplyInputValues = ()=>{\n  const dataSet = [\"newjam123\",\"newjam123 author\",\"newjam123 genere\"]\n  return new Promise((resolve,reject)=>{\n    dataSet.map((data)=>{\n      const index = dataSet.indexOf(data)+1\n       driver.findElement(By.xpath(`/html/body/div[1]/div/div/div[${index}]/input`))\n      .then((element)=>{\n        element.sendKeys(data);\n        if(index === 2)\n          resolve()\n      })\n      .catch(err=>{\n        done(err)\n      })\n    })\n  })\n}\n  \nsupplyInputValues()\n.then(()=>{\n  return driver.findElement(By.xpath('/html/body/div[1]/div/div/button[1]'))\n})\n.then((element)=>{\n  actions.pause(mouse).move({origin: element}).press().release();\n  return actions.perform();\n})\n.then(()=>{\n  done()\n})\n.catch((err)=>{\n  console.log(\"ERROR IS: \"+err)\n  done(err)\n})",
                  "err": {},
                  "uuid": "274add9f-f9fe-4ecb-ace3-702f5ec92235",
                  "parentUUID": "db7e2683-65f1-460c-b4a2-201c80322a0a",
                  "isHook": false,
                  "skipped": false
                }
              ],
              "suites": [],
              "passes": [
                "54446ec4-cbb0-4d50-8164-6032a05c878b",
                "274add9f-f9fe-4ecb-ace3-702f5ec92235"
              ],
              "failures": [],
              "pending": [],
              "skipped": [],
              "duration": 14406,
              "root": false,
              "rootEmpty": false,
              "_timeout": 100000
            }
          ],
          "passes": [],
          "failures": [],
          "pending": [],
          "skipped": [],
          "duration": 0,
          "root": false,
          "rootEmpty": false,
          "_timeout": 100000
        },
        {
          "uuid": "200de090-e11c-46dd-bf9a-3d09014991a0",
          "title": "#View all articles",
          "fullFile": "D:\\Selenium\\WikiGoApp_Smoke_Test_Case\\TestSuite\\viewAllArticlesTest.js",
          "file": "\\TestSuite\\viewAllArticlesTest.js",
          "beforeHooks": [],
          "afterHooks": [],
          "tests": [],
          "suites": [
            {
              "uuid": "fb99b948-1922-4f7f-9dc7-73a3ef7f7889",
              "title": "Firefox",
              "fullFile": "D:\\Selenium\\WikiGoApp_Smoke_Test_Case\\TestSuite\\viewAllArticlesTest.js",
              "file": "\\TestSuite\\viewAllArticlesTest.js",
              "beforeHooks": [],
              "afterHooks": [],
              "tests": [
                {
                  "title": "should open and wikigoapptest.herokuapp.com and check for Add New Article title",
                  "fullTitle": "#View all articles Firefox should open and wikigoapptest.herokuapp.com and check for Add New Article title",
                  "timedOut": false,
                  "duration": 55,
                  "state": "passed",
                  "speed": "medium",
                  "pass": true,
                  "fail": false,
                  "pending": false,
                  "context": null,
                  "code": "driver.findElement(By.xpath('/html/body/div[1]/nav/h4')).getText()\n.then(element=>{\n    assert.equal(element,\"| Add New Article\")\n    done()\n})\n.catch(err=>{\n    done(err)\n})",
                  "err": {},
                  "uuid": "479bdedc-21c9-4b90-907b-45648314c1b5",
                  "parentUUID": "fb99b948-1922-4f7f-9dc7-73a3ef7f7889",
                  "isHook": false,
                  "skipped": false
                }
              ],
              "suites": [],
              "passes": [
                "479bdedc-21c9-4b90-907b-45648314c1b5"
              ],
              "failures": [],
              "pending": [],
              "skipped": [],
              "duration": 55,
              "root": false,
              "rootEmpty": false,
              "_timeout": 100000
            }
          ],
          "passes": [],
          "failures": [],
          "pending": [],
          "skipped": [],
          "duration": 0,
          "root": false,
          "rootEmpty": false,
          "_timeout": 100000
        }
      ],
      "passes": [],
      "failures": [],
      "pending": [],
      "skipped": [],
      "duration": 0,
      "root": true,
      "rootEmpty": true,
      "_timeout": 100000
    }
  ],
  "meta": {
    "mocha": {
      "version": "7.2.0"
    },
    "mochawesome": {
      "options": {
        "quiet": false,
        "reportFilename": "WikiGoApp-SmokeTestReport",
        "saveHtml": true,
        "saveJson": true,
        "consoleReporter": "spec",
        "useInlineDiffs": false,
        "code": true
      },
      "version": "6.1.1"
    },
    "marge": {
      "options": {
        "reportFilename": "WikiGoApp-SmokeTestReport",
        "html": "true",
        "charts": "true"
      },
      "version": "5.1.0"
    }
  }
}