{
  "stats": {
    "suites": 5,
    "tests": 4,
    "passes": 4,
    "pending": 0,
    "failures": 0,
    "start": "2020-05-24T23:28:54.304Z",
    "end": "2020-05-24T23:28:59.836Z",
    "duration": 5532,
    "testsRegistered": 4,
    "passPercent": 100,
    "pendingPercent": 0,
    "other": 0,
    "hasOther": false,
    "skipped": 0,
    "hasSkipped": false
  },
  "results": [
    {
      "uuid": "5658d8fb-578e-4aae-bad1-f2737733f3cb",
      "title": "",
      "fullFile": "",
      "file": "",
      "beforeHooks": [],
      "afterHooks": [],
      "tests": [],
      "suites": [
        {
          "uuid": "74510399-8f36-476f-bc73-8d947ae59747",
          "title": "#MAIN TEST",
          "fullFile": "D:\\Selenium\\WikiGoApp_Smoke_Test_Case\\TestSuite\\main.test.js",
          "file": "\\TestSuite\\main.test.js",
          "beforeHooks": [
            {
              "title": "\"before all\" hook",
              "fullTitle": "#MAIN TEST \"before all\" hook",
              "timedOut": false,
              "duration": 18,
              "state": null,
              "speed": null,
              "pass": false,
              "fail": false,
              "pending": false,
              "context": null,
              "code": "driver = new Builder().forBrowser('firefox').build();\nactions = driver.actions({async: true});\nkb = actions.keyboard();\nmouse = actions.mouse();",
              "err": {},
              "uuid": "422b2f8c-b488-43be-8b02-2b30b1f48c5b",
              "parentUUID": "74510399-8f36-476f-bc73-8d947ae59747",
              "isHook": true,
              "skipped": false
            }
          ],
          "afterHooks": [],
          "tests": [
            {
              "title": "run main test",
              "fullTitle": "#MAIN TEST run main test",
              "timedOut": false,
              "duration": 3,
              "state": "passed",
              "speed": "fast",
              "pass": true,
              "fail": false,
              "pending": false,
              "context": null,
              "code": "addArticleTests(driver,actions,kb,mouse)\nviewAllArticlesTests(driver,actions,kb,mouse)",
              "err": {},
              "uuid": "e5780ba5-804d-40ef-a338-b7a5ea0faed1",
              "parentUUID": "74510399-8f36-476f-bc73-8d947ae59747",
              "isHook": false,
              "skipped": false
            }
          ],
          "suites": [],
          "passes": [
            "e5780ba5-804d-40ef-a338-b7a5ea0faed1"
          ],
          "failures": [],
          "pending": [],
          "skipped": [],
          "duration": 3,
          "root": false,
          "rootEmpty": false,
          "_timeout": 100000
        },
        {
          "uuid": "ffd6896c-6f60-4db9-80a4-eccf0e3ec0a8",
          "title": "#Add functionality",
          "fullFile": "D:\\Selenium\\WikiGoApp_Smoke_Test_Case\\TestSuite\\viewAllArticlesTest.js",
          "file": "\\TestSuite\\viewAllArticlesTest.js",
          "beforeHooks": [],
          "afterHooks": [],
          "tests": [],
          "suites": [
            {
              "uuid": "b8d161de-24e2-4315-a15a-69f450dc34fd",
              "title": "Firefox",
              "fullFile": "D:\\Selenium\\WikiGoApp_Smoke_Test_Case\\TestSuite\\viewAllArticlesTest.js",
              "file": "\\TestSuite\\viewAllArticlesTest.js",
              "beforeHooks": [],
              "afterHooks": [
                {
                  "title": "\"after all\" hook",
                  "fullTitle": "#Add functionality Firefox \"after all\" hook",
                  "timedOut": false,
                  "duration": 0,
                  "state": null,
                  "speed": null,
                  "pass": false,
                  "fail": false,
                  "pending": false,
                  "context": null,
                  "code": "setTimeout(()=>{\n    driver.quit()\n},5000)",
                  "err": {},
                  "uuid": "49b3aee6-5c5b-4a41-89e9-ca9579234d39",
                  "parentUUID": "b8d161de-24e2-4315-a15a-69f450dc34fd",
                  "isHook": true,
                  "skipped": false
                }
              ],
              "tests": [
                {
                  "title": "should open wikigoapptest.herokuapp.com and click on Add New Article",
                  "fullTitle": "#Add functionality Firefox should open wikigoapptest.herokuapp.com and click on Add New Article",
                  "timedOut": false,
                  "duration": 4957,
                  "state": "passed",
                  "speed": "slow",
                  "pass": true,
                  "fail": false,
                  "pending": false,
                  "context": null,
                  "code": "driver.then(()=>{\n  return driver.get('https://wikigoapptest.herokuapp.com/');\n})\n.then(()=>{\n  return driver.findElement(By.xpath('/html/body/div[1]/nav/div/div/a[2]/a'))\n})\n.then((element)=>{\n  actions.pause(mouse).move({origin: element}).press().release();\n  return actions.perform();\n})\n.then(()=>{\n  done()\n})\n.catch((err)=>{\n  done(err)\n})",
                  "err": {},
                  "uuid": "998dc9d4-78ce-41e0-b5f0-a777df1cdc40",
                  "parentUUID": "b8d161de-24e2-4315-a15a-69f450dc34fd",
                  "isHook": false,
                  "skipped": false
                },
                {
                  "title": "supply data to inputs and click on add button",
                  "fullTitle": "#Add functionality Firefox supply data to inputs and click on add button",
                  "timedOut": false,
                  "duration": 468,
                  "state": "passed",
                  "speed": "slow",
                  "pass": true,
                  "fail": false,
                  "pending": false,
                  "context": null,
                  "code": "const supplyInputValues = ()=>{\n  const dataSet = [\"newjam123\",\"newjam123 author\",\"newjam123 genere\"]\n  return new Promise((resolve,reject)=>{\n    dataSet.map((data)=>{\n      const index = dataSet.indexOf(data)+1\n       driver.findElement(By.xpath(`/html/body/div[1]/div/div/div[${index}]/input`))\n      .then((element)=>{\n        element.sendKeys(data);\n        if(index === 2)\n          resolve()\n      })\n      .catch(err=>{\n        done(err)\n      })\n    })\n  })\n}\n  \nsupplyInputValues()\n.then(()=>{\n  return driver.findElement(By.xpath('/html/body/div[1]/div/div/button[1]'))\n})\n.then((element)=>{\n  actions.pause(mouse).move({origin: element}).press().release();\n  return actions.perform();\n})\n.then(()=>{\n  done()\n})\n.catch((err)=>{\n  console.log(\"ERROR IS: \"+err)\n  done(err)\n})",
                  "err": {},
                  "uuid": "37348b8f-78ff-4141-82e9-2d603e08e82f",
                  "parentUUID": "b8d161de-24e2-4315-a15a-69f450dc34fd",
                  "isHook": false,
                  "skipped": false
                }
              ],
              "suites": [],
              "passes": [
                "998dc9d4-78ce-41e0-b5f0-a777df1cdc40",
                "37348b8f-78ff-4141-82e9-2d603e08e82f"
              ],
              "failures": [],
              "pending": [],
              "skipped": [],
              "duration": 5425,
              "root": false,
              "rootEmpty": false,
              "_timeout": 100000
            }
          ],
          "passes": [],
          "failures": [],
          "pending": [],
          "skipped": [],
          "duration": 0,
          "root": false,
          "rootEmpty": false,
          "_timeout": 100000
        },
        {
          "uuid": "3d5b1f9a-5430-48c4-a579-587b9c7994fe",
          "title": "#View all articles",
          "fullFile": "D:\\Selenium\\WikiGoApp_Smoke_Test_Case\\TestSuite\\viewAllArticlesTest.js",
          "file": "\\TestSuite\\viewAllArticlesTest.js",
          "beforeHooks": [],
          "afterHooks": [],
          "tests": [],
          "suites": [
            {
              "uuid": "829a4bfe-68a6-417d-be1a-2a33f1150c9a",
              "title": "Firefox",
              "fullFile": "D:\\Selenium\\WikiGoApp_Smoke_Test_Case\\TestSuite\\viewAllArticlesTest.js",
              "file": "\\TestSuite\\viewAllArticlesTest.js",
              "beforeHooks": [],
              "afterHooks": [],
              "tests": [
                {
                  "title": "just testing",
                  "fullTitle": "#View all articles Firefox just testing",
                  "timedOut": false,
                  "duration": 50,
                  "state": "passed",
                  "speed": "medium",
                  "pass": true,
                  "fail": false,
                  "pending": false,
                  "context": null,
                  "code": "driver.findElement(By.xpath('/html/body/div[1]/nav/h4')).getText()\n.then(element=>{\n    assert.equal(element,\"| Add New Article\")\n    done()\n})\n.catch(err=>{\n    done(err)\n})",
                  "err": {},
                  "uuid": "021035e4-6f4d-4876-a93d-71b980318586",
                  "parentUUID": "829a4bfe-68a6-417d-be1a-2a33f1150c9a",
                  "isHook": false,
                  "skipped": false
                }
              ],
              "suites": [],
              "passes": [
                "021035e4-6f4d-4876-a93d-71b980318586"
              ],
              "failures": [],
              "pending": [],
              "skipped": [],
              "duration": 50,
              "root": false,
              "rootEmpty": false,
              "_timeout": 100000
            }
          ],
          "passes": [],
          "failures": [],
          "pending": [],
          "skipped": [],
          "duration": 0,
          "root": false,
          "rootEmpty": false,
          "_timeout": 100000
        }
      ],
      "passes": [],
      "failures": [],
      "pending": [],
      "skipped": [],
      "duration": 0,
      "root": true,
      "rootEmpty": true,
      "_timeout": 100000
    }
  ],
  "meta": {
    "mocha": {
      "version": "7.2.0"
    },
    "mochawesome": {
      "options": {
        "quiet": false,
        "reportFilename": "WikiGoApp-SmokeTestReport",
        "saveHtml": true,
        "saveJson": true,
        "consoleReporter": "spec",
        "useInlineDiffs": false,
        "code": true
      },
      "version": "6.1.1"
    },
    "marge": {
      "options": {
        "reportFilename": "WikiGoApp-SmokeTestReport",
        "html": "true",
        "charts": "true"
      },
      "version": "5.1.0"
    }
  }
}